<?xml version="1.0" encoding="UTF-8"?>
<!-- Generated by org.testng.reporters.JUnitReportReporter -->
<testsuite skipped="0" hostname="PhuongMinh" name="com.bankguru.login.User_02_Register_And_Login" tests="6" failures="0" timestamp="08 thg 3 2021 07:55:16 GMT" time="23.875" errors="0">
  <testcase name="TC_01_Register" time="5.101" classname="com.bankguru.login.User_02_Register_And_Login"/>
  <testcase name="TC_02_Login" time="3.158" classname="com.bankguru.login.User_02_Register_And_Login"/>
  <testcase name="TC_02_Login" time="3.386" classname="com.bankguru.login.User_02_Register_And_Login"/>
  <testcase name="TC_01_Register" time="4.180" classname="com.bankguru.login.User_02_Register_And_Login"/>
  <testcase name="TC_02_Login" time="3.655" classname="com.bankguru.login.User_02_Register_And_Login"/>
  <testcase name="TC_01_Register" time="4.395" classname="com.bankguru.login.User_02_Register_And_Login"/>
</testsuite> <!-- com.bankguru.login.User_02_Register_And_Login -->
